#### Run Sync Tasks ####
Start Sync Task Id 81273 Source:NAFL target local Table ALL_PATIENTS

Oracle ConnConnectConnection Success

Oracle ConnConnectConnection Success
oci_parse
oci_execute
-- Sync Completed - Number of new records 0
PHP Notice:  Undefined variable: targetConnection in /root/DBZIS/app/Synchronizer.php on line 83
PHP Notice:  Undefined variable: currentLastKey in /root/DBZIS/app/Synchronizer.php on line 88
  mysqli::close(): Couldn't fetch mysqli in /root/DBZIS/app/Synchronizer.php on line 84

Oracle Connection
Connection Success

Oracle Connection
Connection Success
oci_parse
oci_execute
-- Sync Completed - Number of new records 0
PHP Warning:  mysqli::close(): Couldn't fetch mysqli in /root/DBZIS/app/Synchronizer.php on line 84

Oracle Connection
Connection Success

Oracle Connection
Connection Success
oci_parse
oci_execute
-- Sync Completed - Number of new records 0
PHP Warning:  mysqli::close(): Couldn't fetch mysqli in /root/DBZIS/app/Synchronizer.php on line 84
