#### Run Sync Tasks ####
Start Sync Task Id 81391 Source:NAFL target local Table ALL_PATIENTS

Oracle Connection
Connection Success

Oracle Connection
Connection Success
oci_parse
oci_execute
S -- TRUNCATE TABLE NAFL_CASE_SERVICES
Start MySQL Insert
MySQL Bulk Insert Success
-- Sync Completed - Number of new records 84783
le Connection
Connection Success
oci_parse
oci_execute
-- Sync Completed - Number of new records 0
PHP Warning:  mysqli::close(): Couldn't fetch mysqli in /root/DBZIS/app/Synchronizer.php on line 84

Oracle Connection
Connection Success

Oracle Connection
Connection Success
oci_parse
oci_execute
-- Sync Completed - Number of new records 0
PHP Warning:  mysqli::close(): Couldn't fetch mysqli in /root/DBZIS/app/Synchronizer.php on line 84

Oracle Connection
Connection Success

Oracle Connection
Connection Success
oci_parse
oci_execute
-- Sync Completed - Number of new records 0
PHP Warning:  mysqli::close(): Couldn't fetch mysqli in /root/DBZIS/app/Synchronizer.php on line 84
