#### Generate Sync Tasks ####
Cleaning Tasks....
Getting Sources
- Getting Source NAFL
-- Getting Source Tables ALL_PATIENTS
-- Sync Is Due ALL_PATIENTS
-- Sync Is NOT Due ALL_PATIENTS
-- Getting Source Tables INV_HD
-- Sync Is Due INV_HD
-- Sync Is NOT Due INV_HD
-- Getting Source Tables CASES
-- Sync Is Due CASES
-- Sync Is NOT Due-- Sync Is NOT Due CASES
-- Getting Source Tab-- Sync Is Due CAS-- Sync Is -- Sync Is NOT Due-- Sync Is NOT Due CASE_SERVICES
-- Getting Source Tables SERVICES
-- Sync Is NOT Due SERVICES
-- Getting Source Tables ACCOUNT
-- Sy-- Add Sync Task 
-- Add Sync Task 
-- Sync Is NOT Due ACCOUNT
